<?xml version="1.0" encoding="UTF-8"?>
<testng-results skipped="0" failed="0" ignored="0" total="2" passed="2">
  <reporter-output>
  </reporter-output>
  <suite name="Default suite" duration-ms="35" started-at="2022-06-15T15:53:10 IST" finished-at="2022-06-15T15:53:10 IST">
    <groups>
    </groups>
    <test name="Default test" duration-ms="35" started-at="2022-06-15T15:53:10 IST" finished-at="2022-06-15T15:53:10 IST">
      <class name="sampleTests.MathTests">
        <test-method status="PASS" signature="SumTest()[pri:0, instance:sampleTests.MathTests@3327bd23]" name="SumTest" duration-ms="8" started-at="2022-06-15T15:53:10 IST" finished-at="2022-06-15T15:53:10 IST">
          <reporter-output>
          </reporter-output>
        </test-method> <!-- SumTest -->
        <test-method status="PASS" signature="multiply()[pri:0, instance:sampleTests.MathTests@3327bd23]" name="multiply" duration-ms="1" started-at="2022-06-15T15:53:10 IST" finished-at="2022-06-15T15:53:10 IST">
          <reporter-output>
          </reporter-output>
        </test-method> <!-- multiply -->
      </class> <!-- sampleTests.MathTests -->
    </test> <!-- Default test -->
  </suite> <!-- Default suite -->
</testng-results>
